<?xml version="1.0" encoding="UTF-8"?>
<!-- Generated by org.testng.reporters.JUnitReportReporter -->
<testsuite hostname="DESKTOP-08FLTCQ" failures="0" tests="1" name="TestNG.Demo1" time="0.019" errors="0" timestamp="2022-07-26T07:38:42 IST" skipped="0">
  <testcase classname="TestNG.Demo1" name="Test2" time="0.019"/>
  <system-out>
    <![CDATA[Test 2 is pass]]>
  </system-out>
</testsuite> <!-- TestNG.Demo1 -->
