<?xml version="1.0" encoding="UTF-8"?>
<!-- Generated by org.testng.reporters.JUnitReportReporter -->
<testsuite hostname="DESKTOP-08FLTCQ" failures="0" tests="2" name="TestNG.CT_1" time="126.000" errors="0" timestamp="2022-08-08T22:41:21 IST" skipped="0">
  <testcase classname="TestNG.CT_1" name="test" time="75.786"/>
  <system-out/>
  <testcase classname="TestNG.CT_1" name="test" time="50.214"/>
  <system-out/>
</testsuite> <!-- TestNG.CT_1 -->
