<?xml version="1.0" encoding="UTF-8"?>
<!-- Generated by org.testng.reporters.JUnitReportReporter -->
<testsuite hostname="DESKTOP-08FLTCQ" failures="0" tests="4" name="TestNG.Demo9$demo7" time="0.016" errors="0" timestamp="2022-08-04T07:59:17 IST" skipped="0">
  <testcase classname="TestNG.Demo9$demo7" name="test12" time="0.004"/>
  <system-out>
    <![CDATA[Test 12 is pass]]>
  </system-out>
  <testcase classname="TestNG.Demo9$demo7" name="test9" time="0.003"/>
  <system-out>
    <![CDATA[Test 9 is pass]]>
  </system-out>
  <testcase classname="TestNG.Demo9$demo7" name="test13" time="0.007"/>
  <system-out>
    <![CDATA[Test13 is pass]]>
  </system-out>
  <testcase classname="TestNG.Demo9$demo7" name="test10" time="0.002"/>
  <system-out>
    <![CDATA[Test 10 is pass]]>
  </system-out>
</testsuite> <!-- TestNG.Demo9$demo7 -->
