<?xml version="1.0" encoding="UTF-8"?>
<!-- Generated by org.testng.reporters.JUnitReportReporter -->
<testsuite hostname="DESKTOP-08FLTCQ" failures="0" tests="5" name="TestNG.Demo8$demo7" time="0.038" errors="0" timestamp="2022-08-04T07:59:17 IST" skipped="0">
  <testcase classname="TestNG.Demo8$demo7" name="test3" time="0.021"/>
  <system-out>
    <![CDATA[Test 3 is pass]]>
  </system-out>
  <testcase classname="TestNG.Demo8$demo7" name="test4" time="0.007"/>
  <system-out>
    <![CDATA[Test 4 is pass]]>
  </system-out>
  <testcase classname="TestNG.Demo8$demo7" name="test5" time="0.003"/>
  <system-out>
    <![CDATA[Test 5 is pass]]>
  </system-out>
  <testcase classname="TestNG.Demo8$demo7" name="test6" time="0.005"/>
  <system-out>
    <![CDATA[Test 6 is pass]]>
  </system-out>
  <testcase classname="TestNG.Demo8$demo7" name="test7" time="0.002"/>
  <system-out>
    <![CDATA[Test 7 is pass]]>
  </system-out>
</testsuite> <!-- TestNG.Demo8$demo7 -->
