<?xml version="1.0" encoding="UTF-8"?>
<!-- Generated by org.testng.reporters.JUnitReportReporter -->
<testsuite hostname="DESKTOP-08FLTCQ" failures="0" tests="6" name="TestNG.demo5" time="2.028" errors="0" timestamp="2022-07-25T07:49:07 IST" skipped="2">
  <testcase classname="TestNG.demo5" name="test5" time="2.009"/>
  <system-out>
    <![CDATA[test6 is running]]>
  </system-out>
  <testcase classname="TestNG.demo5" name="test4" time="0.015"/>
  <system-out>
    <![CDATA[test4 is running]]>
  </system-out>
  <testcase classname="TestNG.demo5" name="test7" time="0.002"/>
  <system-out>
    <![CDATA[test7 is running]]>
  </system-out>
  <testcase classname="TestNG.demo5" name="test3" time="0.002"/>
  <system-out>
    <![CDATA[test3 is running]]>
  </system-out>
  <testcase classname="TestNG.demo5" name="test2">
    <skipped/>
  </testcase> <!-- test2 -->
  <system-out/>
  <testcase classname="TestNG.demo5" name="test1">
    <skipped/>
  </testcase> <!-- test1 -->
  <system-out/>
</testsuite> <!-- TestNG.demo5 -->
