<?xml version="1.0" encoding="UTF-8"?>
<!-- Generated by org.testng.reporters.JUnitReportReporter -->
<testsuite hostname="DESKTOP-08FLTCQ" failures="0" tests="3" name="TestNG.Demo3" time="0.030" errors="0" timestamp="2022-07-24T17:55:13 IST" skipped="0">
  <testcase classname="TestNG.Demo3" name="release" time="0.002"/>
  <system-out>
    <![CDATA[test case release ]]>
  </system-out>
  <testcase classname="TestNG.Demo3" name="release1" time="0.003"/>
  <system-out>
    <![CDATA[test case release1 ]]>
  </system-out>
  <testcase classname="TestNG.Demo3" name="Test2" time="0.025"/>
  <system-out>
    <![CDATA[Test 2 is pass]]>
  </system-out>
</testsuite> <!-- TestNG.Demo3 -->
