<?xml version="1.0" encoding="UTF-8"?>
<!-- Generated by org.testng.reporters.JUnitReportReporter -->
<testsuite hostname="DESKTOP-08FLTCQ" failures="0" tests="3" name="TestNG.demo7" time="0.027" errors="0" timestamp="2022-08-03T07:09:41 IST" skipped="0">
  <testcase classname="TestNG.demo7" name="test4" time="0.002"/>
  <system-out>
    <![CDATA[Test 4 is pass]]>
  </system-out>
  <testcase classname="TestNG.demo7" name="test7" time="0.003"/>
  <system-out>
    <![CDATA[Test 7 is pass]]>
  </system-out>
  <testcase classname="TestNG.demo7" name="test3" time="0.022"/>
  <system-out>
    <![CDATA[Test 3 is pass]]>
  </system-out>
</testsuite> <!-- TestNG.demo7 -->
