<?xml version="1.0" encoding="UTF-8"?>
<!-- Generated by org.testng.reporters.JUnitReportReporter -->
<testsuite hostname="DESKTOP-08FLTCQ" failures="0" tests="1" name="TestNG.Sample3" time="38.215" errors="0" timestamp="2022-07-25T22:08:15 IST" skipped="0">
  <testcase classname="TestNG.Sample3" name="test" time="38.215"/>
  <system-out>
    <![CDATA[Test case is pass]]>
  </system-out>
</testsuite> <!-- TestNG.Sample3 -->
