<?xml version="1.0" encoding="UTF-8"?>
<!-- Generated by org.testng.reporters.JUnitReportReporter -->
<testsuite hostname="DESKTOP-08FLTCQ" failures="0" tests="1" name="TestNG.Verifications" time="0.017" errors="0" timestamp="2022-07-26T07:52:48 IST" skipped="0">
  <testcase classname="TestNG.Verifications" name="test1" time="0.017"/>
  <system-out/>
</testsuite> <!-- TestNG.Verifications -->
