<?xml version="1.0" encoding="UTF-8"?>
<!-- Generated by org.testng.reporters.JUnitReportReporter -->
<testsuite hostname="DESKTOP-08FLTCQ" failures="0" tests="94" name="TestNG.Demo4" time="0.195" errors="0" timestamp="2022-08-03T07:04:51 IST" skipped="0">
  <testcase classname="TestNG.Demo4" name="test2" time="0.022"/>
  <system-out>
    <![CDATA[test2 is running]]>
  </system-out>
  <testcase classname="TestNG.Demo4" name="test4" time="0.005"/>
  <system-out>
    <![CDATA[test4 is running]]>
  </system-out>
  <testcase classname="TestNG.Demo4" name="test7" time="0.002"/>
  <system-out>
    <![CDATA[test7 is running]]>
  </system-out>
  <testcase classname="TestNG.Demo4" name="test1" time="0.003"/>
  <system-out>
    <![CDATA[test1 is running]]>
  </system-out>
  <testcase classname="TestNG.Demo4" name="test1" time="0.003"/>
  <system-out>
    <![CDATA[test1 is running]]>
  </system-out>
  <testcase classname="TestNG.Demo4" name="test1" time="0.004"/>
  <system-out>
    <![CDATA[test1 is running]]>
  </system-out>
  <testcase classname="TestNG.Demo4" name="test1" time="0.003"/>
  <system-out>
    <![CDATA[test1 is running]]>
  </system-out>
  <testcase classname="TestNG.Demo4" name="test1" time="0.002"/>
  <system-out>
    <![CDATA[test1 is running]]>
  </system-out>
  <testcase classname="TestNG.Demo4" name="test1" time="0.002"/>
  <system-out>
    <![CDATA[test1 is running]]>
  </system-out>
  <testcase classname="TestNG.Demo4" name="test1" time="0.002"/>
  <system-out>
    <![CDATA[test1 is running]]>
  </system-out>
  <testcase classname="TestNG.Demo4" name="test1" time="0.002"/>
  <system-out>
    <![CDATA[test1 is running]]>
  </system-out>
  <testcase classname="TestNG.Demo4" name="test1" time="0.001"/>
  <system-out>
    <![CDATA[test1 is running]]>
  </system-out>
  <testcase classname="TestNG.Demo4" name="test1" time="0.003"/>
  <system-out>
    <![CDATA[test1 is running]]>
  </system-out>
  <testcase classname="TestNG.Demo4" name="test1" time="0.002"/>
  <system-out>
    <![CDATA[test1 is running]]>
  </system-out>
  <testcase classname="TestNG.Demo4" name="test1" time="0.001"/>
  <system-out>
    <![CDATA[test1 is running]]>
  </system-out>
  <testcase classname="TestNG.Demo4" name="test1" time="0.001"/>
  <system-out>
    <![CDATA[test1 is running]]>
  </system-out>
  <testcase classname="TestNG.Demo4" name="test1" time="0.001"/>
  <system-out>
    <![CDATA[test1 is running]]>
  </system-out>
  <testcase classname="TestNG.Demo4" name="test1" time="0.001"/>
  <system-out>
    <![CDATA[test1 is running]]>
  </system-out>
  <testcase classname="TestNG.Demo4" name="test1" time="0.002"/>
  <system-out>
    <![CDATA[test1 is running]]>
  </system-out>
  <testcase classname="TestNG.Demo4" name="test1" time="0.001"/>
  <system-out>
    <![CDATA[test1 is running]]>
  </system-out>
  <testcase classname="TestNG.Demo4" name="test1" time="0.004"/>
  <system-out>
    <![CDATA[test1 is running]]>
  </system-out>
  <testcase classname="TestNG.Demo4" name="test1" time="0.001"/>
  <system-out>
    <![CDATA[test1 is running]]>
  </system-out>
  <testcase classname="TestNG.Demo4" name="test1" time="0.000"/>
  <system-out>
    <![CDATA[test1 is running]]>
  </system-out>
  <testcase classname="TestNG.Demo4" name="test1" time="0.000"/>
  <system-out>
    <![CDATA[test1 is running]]>
  </system-out>
  <testcase classname="TestNG.Demo4" name="test1" time="0.002"/>
  <system-out>
    <![CDATA[test1 is running]]>
  </system-out>
  <testcase classname="TestNG.Demo4" name="test1" time="0.001"/>
  <system-out>
    <![CDATA[test1 is running]]>
  </system-out>
  <testcase classname="TestNG.Demo4" name="test1" time="0.001"/>
  <system-out>
    <![CDATA[test1 is running]]>
  </system-out>
  <testcase classname="TestNG.Demo4" name="test1" time="0.002"/>
  <system-out>
    <![CDATA[test1 is running]]>
  </system-out>
  <testcase classname="TestNG.Demo4" name="test1" time="0.001"/>
  <system-out>
    <![CDATA[test1 is running]]>
  </system-out>
  <testcase classname="TestNG.Demo4" name="test1" time="0.002"/>
  <system-out>
    <![CDATA[test1 is running]]>
  </system-out>
  <testcase classname="TestNG.Demo4" name="test1" time="0.001"/>
  <system-out>
    <![CDATA[test1 is running]]>
  </system-out>
  <testcase classname="TestNG.Demo4" name="test1" time="0.010"/>
  <system-out>
    <![CDATA[test1 is running]]>
  </system-out>
  <testcase classname="TestNG.Demo4" name="test1" time="0.002"/>
  <system-out>
    <![CDATA[test1 is running]]>
  </system-out>
  <testcase classname="TestNG.Demo4" name="test1" time="0.001"/>
  <system-out>
    <![CDATA[test1 is running]]>
  </system-out>
  <testcase classname="TestNG.Demo4" name="test1" time="0.000"/>
  <system-out>
    <![CDATA[test1 is running]]>
  </system-out>
  <testcase classname="TestNG.Demo4" name="test1" time="0.002"/>
  <system-out>
    <![CDATA[test1 is running]]>
  </system-out>
  <testcase classname="TestNG.Demo4" name="test1" time="0.005"/>
  <system-out>
    <![CDATA[test1 is running]]>
  </system-out>
  <testcase classname="TestNG.Demo4" name="test1" time="0.001"/>
  <system-out>
    <![CDATA[test1 is running]]>
  </system-out>
  <testcase classname="TestNG.Demo4" name="test1" time="0.002"/>
  <system-out>
    <![CDATA[test1 is running]]>
  </system-out>
  <testcase classname="TestNG.Demo4" name="test1" time="0.001"/>
  <system-out>
    <![CDATA[test1 is running]]>
  </system-out>
  <testcase classname="TestNG.Demo4" name="test1" time="0.002"/>
  <system-out>
    <![CDATA[test1 is running]]>
  </system-out>
  <testcase classname="TestNG.Demo4" name="test1" time="0.002"/>
  <system-out>
    <![CDATA[test1 is running]]>
  </system-out>
  <testcase classname="TestNG.Demo4" name="test1" time="0.001"/>
  <system-out>
    <![CDATA[test1 is running]]>
  </system-out>
  <testcase classname="TestNG.Demo4" name="test1" time="0.001"/>
  <system-out>
    <![CDATA[test1 is running]]>
  </system-out>
  <testcase classname="TestNG.Demo4" name="test1" time="0.000"/>
  <system-out>
    <![CDATA[test1 is running]]>
  </system-out>
  <testcase classname="TestNG.Demo4" name="test1" time="0.002"/>
  <system-out>
    <![CDATA[test1 is running]]>
  </system-out>
  <testcase classname="TestNG.Demo4" name="test1" time="0.002"/>
  <system-out>
    <![CDATA[test1 is running]]>
  </system-out>
  <testcase classname="TestNG.Demo4" name="test1" time="0.001"/>
  <system-out>
    <![CDATA[test1 is running]]>
  </system-out>
  <testcase classname="TestNG.Demo4" name="test1" time="0.002"/>
  <system-out>
    <![CDATA[test1 is running]]>
  </system-out>
  <testcase classname="TestNG.Demo4" name="test1" time="0.003"/>
  <system-out>
    <![CDATA[test1 is running]]>
  </system-out>
  <testcase classname="TestNG.Demo4" name="test1" time="0.000"/>
  <system-out>
    <![CDATA[test1 is running]]>
  </system-out>
  <testcase classname="TestNG.Demo4" name="test1" time="0.001"/>
  <system-out>
    <![CDATA[test1 is running]]>
  </system-out>
  <testcase classname="TestNG.Demo4" name="test1" time="0.001"/>
  <system-out>
    <![CDATA[test1 is running]]>
  </system-out>
  <testcase classname="TestNG.Demo4" name="test1" time="0.004"/>
  <system-out>
    <![CDATA[test1 is running]]>
  </system-out>
  <testcase classname="TestNG.Demo4" name="test1" time="0.001"/>
  <system-out>
    <![CDATA[test1 is running]]>
  </system-out>
  <testcase classname="TestNG.Demo4" name="test1" time="0.000"/>
  <system-out>
    <![CDATA[test1 is running]]>
  </system-out>
  <testcase classname="TestNG.Demo4" name="test1" time="0.001"/>
  <system-out>
    <![CDATA[test1 is running]]>
  </system-out>
  <testcase classname="TestNG.Demo4" name="test1" time="0.001"/>
  <system-out>
    <![CDATA[test1 is running]]>
  </system-out>
  <testcase classname="TestNG.Demo4" name="test1" time="0.001"/>
  <system-out>
    <![CDATA[test1 is running]]>
  </system-out>
  <testcase classname="TestNG.Demo4" name="test1" time="0.001"/>
  <system-out>
    <![CDATA[test1 is running]]>
  </system-out>
  <testcase classname="TestNG.Demo4" name="test1" time="0.002"/>
  <system-out>
    <![CDATA[test1 is running]]>
  </system-out>
  <testcase classname="TestNG.Demo4" name="test1" time="0.002"/>
  <system-out>
    <![CDATA[test1 is running]]>
  </system-out>
  <testcase classname="TestNG.Demo4" name="test1" time="0.003"/>
  <system-out>
    <![CDATA[test1 is running]]>
  </system-out>
  <testcase classname="TestNG.Demo4" name="test1" time="0.000"/>
  <system-out>
    <![CDATA[test1 is running]]>
  </system-out>
  <testcase classname="TestNG.Demo4" name="test1" time="0.002"/>
  <system-out>
    <![CDATA[test1 is running]]>
  </system-out>
  <testcase classname="TestNG.Demo4" name="test1" time="0.001"/>
  <system-out>
    <![CDATA[test1 is running]]>
  </system-out>
  <testcase classname="TestNG.Demo4" name="test1" time="0.000"/>
  <system-out>
    <![CDATA[test1 is running]]>
  </system-out>
  <testcase classname="TestNG.Demo4" name="test1" time="0.005"/>
  <system-out>
    <![CDATA[test1 is running]]>
  </system-out>
  <testcase classname="TestNG.Demo4" name="test1" time="0.002"/>
  <system-out>
    <![CDATA[test1 is running]]>
  </system-out>
  <testcase classname="TestNG.Demo4" name="test1" time="0.002"/>
  <system-out>
    <![CDATA[test1 is running]]>
  </system-out>
  <testcase classname="TestNG.Demo4" name="test1" time="0.003"/>
  <system-out>
    <![CDATA[test1 is running]]>
  </system-out>
  <testcase classname="TestNG.Demo4" name="test1" time="0.002"/>
  <system-out>
    <![CDATA[test1 is running]]>
  </system-out>
  <testcase classname="TestNG.Demo4" name="test1" time="0.000"/>
  <system-out>
    <![CDATA[test1 is running]]>
  </system-out>
  <testcase classname="TestNG.Demo4" name="test1" time="0.001"/>
  <system-out>
    <![CDATA[test1 is running]]>
  </system-out>
  <testcase classname="TestNG.Demo4" name="test1" time="0.001"/>
  <system-out>
    <![CDATA[test1 is running]]>
  </system-out>
  <testcase classname="TestNG.Demo4" name="test1" time="0.002"/>
  <system-out>
    <![CDATA[test1 is running]]>
  </system-out>
  <testcase classname="TestNG.Demo4" name="test1" time="0.002"/>
  <system-out>
    <![CDATA[test1 is running]]>
  </system-out>
  <testcase classname="TestNG.Demo4" name="test1" time="0.003"/>
  <system-out>
    <![CDATA[test1 is running]]>
  </system-out>
  <testcase classname="TestNG.Demo4" name="test1" time="0.001"/>
  <system-out>
    <![CDATA[test1 is running]]>
  </system-out>
  <testcase classname="TestNG.Demo4" name="test1" time="0.008"/>
  <system-out>
    <![CDATA[test1 is running]]>
  </system-out>
  <testcase classname="TestNG.Demo4" name="test1" time="0.001"/>
  <system-out>
    <![CDATA[test1 is running]]>
  </system-out>
  <testcase classname="TestNG.Demo4" name="test1" time="0.001"/>
  <system-out>
    <![CDATA[test1 is running]]>
  </system-out>
  <testcase classname="TestNG.Demo4" name="test1" time="0.001"/>
  <system-out>
    <![CDATA[test1 is running]]>
  </system-out>
  <testcase classname="TestNG.Demo4" name="test1" time="0.001"/>
  <system-out>
    <![CDATA[test1 is running]]>
  </system-out>
  <testcase classname="TestNG.Demo4" name="test1" time="0.001"/>
  <system-out>
    <![CDATA[test1 is running]]>
  </system-out>
  <testcase classname="TestNG.Demo4" name="test1" time="0.006"/>
  <system-out>
    <![CDATA[test1 is running]]>
  </system-out>
  <testcase classname="TestNG.Demo4" name="test1" time="0.002"/>
  <system-out>
    <![CDATA[test1 is running]]>
  </system-out>
  <testcase classname="TestNG.Demo4" name="test1" time="0.002"/>
  <system-out>
    <![CDATA[test1 is running]]>
  </system-out>
  <testcase classname="TestNG.Demo4" name="test1" time="0.001"/>
  <system-out>
    <![CDATA[test1 is running]]>
  </system-out>
  <testcase classname="TestNG.Demo4" name="test1" time="0.000"/>
  <system-out>
    <![CDATA[test1 is running]]>
  </system-out>
  <testcase classname="TestNG.Demo4" name="test1" time="0.003"/>
  <system-out>
    <![CDATA[test1 is running]]>
  </system-out>
  <testcase classname="TestNG.Demo4" name="test1" time="0.000"/>
  <system-out>
    <![CDATA[test1 is running]]>
  </system-out>
  <testcase classname="TestNG.Demo4" name="test5" time="0.002"/>
  <system-out>
    <![CDATA[test6 is running]]>
  </system-out>
  <testcase classname="TestNG.Demo4" name="test3" time="0.003"/>
  <system-out>
    <![CDATA[test3 is running]]>
  </system-out>
</testsuite> <!-- TestNG.Demo4 -->
