<?xml version="1.0" encoding="UTF-8"?>
<!-- Generated by org.testng.reporters.JUnitReportReporter -->
<testsuite hostname="DESKTOP-08FLTCQ" failures="0" tests="1" name="TestNG.Parallel_test2" time="75.947" errors="0" timestamp="2022-08-05T22:44:33 IST" skipped="0">
  <testcase classname="TestNG.Parallel_test2" name="openbrower1" time="75.947"/>
  <system-out/>
</testsuite> <!-- TestNG.Parallel_test2 -->
